This is pdfTeX, Version 3.14159265-2.6-1.40.19 (TeX Live 2019/dev/Debian) (preloaded format=pdflatex 2020.10.28)  28 OCT 2020 22:08
entering extended mode
 restricted \write18 enabled.
 %&-line parsing enabled.
**init.vim
(./init.vim
LaTeX2e <2018-12-01>

! LaTeX Error: Missing \begin{document}.

See the LaTeX manual or LaTeX Companion for explanation.
Type  H <return>  for immediate help.
 ...                                              
                                                  
l.1 "
      Fisa-vim-config, a config for both Vim and NeoVim
? 
! Emergency stop.
 ...                                              
                                                  
l.1 "
      Fisa-vim-config, a config for both Vim and NeoVim
You're in trouble here.  Try typing  <return>  to proceed.
If that doesn't work, type  X <return>  to quit.

 
Here is how much of TeX's memory you used:
 7 strings out of 494485
 267 string characters out of 6175791
 52687 words of memory out of 5000000
 3776 multiletter control sequences out of 15000+600000
 3640 words of font info for 14 fonts, out of 8000000 for 9000
 59 hyphenation exceptions out of 8191
 5i,0n,4p,62b,14s stack positions out of 5000i,500n,10000p,200000b,80000s
!  ==> Fatal error occurred, no output PDF file produced!
